[debug] [2023-04-01T18:07:43.709Z] ----------------------------------------------------------------------
[debug] [2023-04-01T18:07:43.714Z] Command:       C:\Program Files\nodejs\node.exe C:\Users\umerprogrammer\AppData\Roaming\npm\node_modules\firebase-tools\lib\bin\firebase.js init
[debug] [2023-04-01T18:07:43.715Z] CLI Version:   11.23.1
[debug] [2023-04-01T18:07:43.715Z] Platform:      win32
[debug] [2023-04-01T18:07:43.716Z] Node Version:  v16.18.1
[debug] [2023-04-01T18:07:43.823Z] Time:          Sat Apr 01 2023 23:07:43 GMT+0500 (Pakistan Standard Time)
[debug] [2023-04-01T18:07:43.823Z] ----------------------------------------------------------------------
[debug] 
[debug] [2023-04-01T18:07:43.843Z] >>> [apiv2][query] GET https://firebase-public.firebaseio.com/cli.json [none]
[debug] [2023-04-01T18:07:43.888Z] > command requires scopes: ["email","openid","https://www.googleapis.com/auth/cloudplatformprojects.readonly","https://www.googleapis.com/auth/firebase","https://www.googleapis.com/auth/cloud-platform"]
[debug] [2023-04-01T18:07:43.889Z] > authorizing via signed-in user (umerprogrammer@gmail.com)
[info] 
     ######## #### ########  ######## ########     ###     ######  ########
     ##        ##  ##     ## ##       ##     ##  ##   ##  ##       ##
     ######    ##  ########  ######   ########  #########  ######  ######
     ##        ##  ##    ##  ##       ##     ## ##     ##       ## ##
     ##       #### ##     ## ######## ########  ##     ##  ######  ########

You're about to initialize a Firebase project in this directory:

  B:\carephone

[debug] [2023-04-01T18:07:44.540Z] <<< [apiv2][status] GET https://firebase-public.firebaseio.com/cli.json 200
[debug] [2023-04-01T18:07:44.540Z] <<< [apiv2][body] GET https://firebase-public.firebaseio.com/cli.json {"cloudBuildErrorAfter":1594252800000,"cloudBuildWarnAfter":1590019200000,"defaultNode10After":1594252800000,"minVersion":"3.0.5","node8DeploysDisabledAfter":1613390400000,"node8RuntimeDisabledAfter":1615809600000,"node8WarnAfter":1600128000000}
